2015-06-22 12:01:23,596 [Worker-0] INFO  o.e.m.c.i.l.LifecycleMappingFactory - Using org.eclipse.m2e.jdt.JarLifecycleMapping lifecycle mapping for MavenProject: econ2015:50slides:0.0.1-SNAPSHOT @ /home/tiste/Dropbox/_econ-2015/50slides/50slidesdemo/pom.xml.
2015-06-22 12:01:26,565 [Worker-0] INFO  o.e.m.j.i.AbstractJavaProjectConfigurator - Adding source folder /50slides/src/main/java
2015-06-22 12:01:26,565 [Worker-0] INFO  o.e.m.j.i.AbstractJavaProjectConfigurator - Adding resource folder /50slides/src/main/resources
2015-06-22 12:01:26,567 [Worker-0] INFO  o.e.m.j.i.AbstractJavaProjectConfigurator - Adding source folder /50slides/src/test/java
2015-06-22 12:01:26,604 [Worker-0] INFO  o.e.m.c.i.p.ProjectConfigurationManager - Imported and configured 1 project(s) in 4 sec
2015-06-22 12:01:26,884 [Worker-5] INFO  o.e.m.c.i.embedder.EclipseLogger - Using 'UTF-8' encoding to copy filtered resources.
2015-06-22 12:01:26,888 [Worker-5] INFO  o.e.m.c.i.embedder.EclipseLogger - Copying 5 resources
2015-06-22 12:01:26,892 [Worker-5] INFO  o.e.m.c.i.embedder.EclipseLogger - Using 'UTF-8' encoding to copy filtered resources.
2015-06-22 12:01:26,892 [Worker-5] INFO  o.e.m.c.i.embedder.EclipseLogger - skip non existing resourceDirectory /home/tiste/Dropbox/_econ-2015/50slides/50slidesdemo/src/test/resources
2015-06-22 12:01:48,653 [Worker-1] INFO  o.e.m.c.i.l.LifecycleMappingFactory - Using org.eclipse.m2e.jdt.JarLifecycleMapping lifecycle mapping for MavenProject: econ2015:50slides:0.0.1-SNAPSHOT @ /home/tiste/Dropbox/_econ-2015/50slides/50slidesdemo/pom.xml.
2015-06-22 12:01:48,850 [Worker-1] INFO  o.e.m.j.i.AbstractJavaProjectConfigurator - Adding source folder /50slides/src/main/java
2015-06-22 12:01:48,850 [Worker-1] INFO  o.e.m.j.i.AbstractJavaProjectConfigurator - Adding resource folder /50slides/src/main/resources
2015-06-22 12:01:48,851 [Worker-1] INFO  o.e.m.j.i.AbstractJavaProjectConfigurator - Adding source folder /50slides/src/test/java
2015-06-22 12:01:48,881 [Worker-1] INFO  o.e.m.c.i.p.ProjectConfigurationManager - Imported and configured 1 project(s) in 0 sec
2015-06-22 12:01:49,102 [Worker-3] INFO  o.e.m.c.i.embedder.EclipseLogger - Using 'UTF-8' encoding to copy filtered resources.
2015-06-22 12:01:49,104 [Worker-3] INFO  o.e.m.c.i.embedder.EclipseLogger - Copying 5 resources
2015-06-22 12:01:49,108 [Worker-3] INFO  o.e.m.c.i.embedder.EclipseLogger - Using 'UTF-8' encoding to copy filtered resources.
2015-06-22 12:01:49,108 [Worker-3] INFO  o.e.m.c.i.embedder.EclipseLogger - skip non existing resourceDirectory /home/tiste/Dropbox/_econ-2015/50slides/50slidesdemo/src/test/resources
2015-06-22 12:02:31,454 [Worker-2] INFO  o.e.m.c.i.embedder.EclipseLogger - Using 'UTF-8' encoding to copy filtered resources.
2015-06-22 12:02:31,458 [Worker-2] INFO  o.e.m.c.i.embedder.EclipseLogger - Copying 5 resources
2015-06-22 12:02:31,465 [Worker-2] INFO  o.e.m.c.i.embedder.EclipseLogger - Using 'UTF-8' encoding to copy filtered resources.
2015-06-22 12:02:31,465 [Worker-2] INFO  o.e.m.c.i.embedder.EclipseLogger - skip non existing resourceDirectory /home/tiste/Dropbox/_econ-2015/50slides/50slidesdemo/src/test/resources
